<?xml version="1.0" encoding="utf-8"?>
<coverage line-rate="0.7636" branch-rate="1" version="1.9" timestamp="1786601466" lines-covered="42" lines-valid="55" branches-covered="10" branches-valid="10">
  <sources>
    <source>/</source>
  </sources>
  <packages>
    <package name="BankTask2" line-rate="0.7636" branch-rate="1" complexity="13">
      <classes>
        <class name="Bank.BankAccount" filename="Users/songci/Desktop/COMP2021/COMP2021-2026-2-profolio-a1952124/Week2/PracB/BankTask2/BankTask2.cs" line-rate="1" branch-rate="1" complexity="12">
          <methods>
            <method name="get_Owner" signature="()" line-rate="1" branch-rate="1" complexity="1">
              <lines>
                <line number="8" hits="10" branch="False" />
              </lines>
            </method>
            <method name="get_Balance" signature="()" line-rate="1" branch-rate="1" complexity="1">
              <lines>
                <line number="9" hits="28" branch="False" />
              </lines>
            </method>
            <method name="Deposit" signature="(System.Decimal)" line-rate="1" branch-rate="1" complexity="2">
              <lines>
                <line number="24" hits="2" branch="False" />
                <line number="26" hits="2" branch="True" condition-coverage="100% (2/2)">
                  <conditions>
                    <condition number="14" type="jump" coverage="100%" />
                  </conditions>
                </line>
                <line number="27" hits="1" branch="False" />
                <line number="28" hits="1" branch="False" />
                <line number="31" hits="1" branch="False" />
                <line number="32" hits="1" branch="False" />
                <line number="33" hits="1" branch="False" />
                <line number="36" hits="1" branch="False" />
              </lines>
            </method>
            <method name="Deposit" signature="(System.Int32)" line-rate="1" branch-rate="1" complexity="2">
              <lines>
                <line number="40" hits="2" branch="False" />
                <line number="42" hits="2" branch="True" condition-coverage="100% (2/2)">
                  <conditions>
                    <condition number="7" type="jump" coverage="100%" />
                  </conditions>
                </line>
                <line number="43" hits="1" branch="False" />
                <line number="44" hits="1" branch="False" />
                <line number="47" hits="1" branch="False" />
                <line number="48" hits="1" branch="False" />
                <line number="49" hits="1" branch="False" />
                <line number="52" hits="1" branch="False" />
              </lines>
            </method>
            <method name="Deposit" signature="(System.Double)" line-rate="1" branch-rate="1" complexity="2">
              <lines>
                <line number="55" hits="2" branch="False" />
                <line number="57" hits="2" branch="True" condition-coverage="100% (2/2)">
                  <conditions>
                    <condition number="15" type="jump" coverage="100%" />
                  </conditions>
                </line>
                <line number="58" hits="1" branch="False" />
                <line number="59" hits="1" branch="False" />
                <line number="62" hits="1" branch="False" />
                <line number="63" hits="1" branch="False" />
                <line number="64" hits="1" branch="False" />
                <line number="67" hits="1" branch="False" />
              </lines>
            </method>
            <method name="Withdraw" signature="(System.Decimal)" line-rate="1" branch-rate="1" complexity="2">
              <lines>
                <line number="69" hits="2" branch="False" />
                <line number="70" hits="2" branch="True" condition-coverage="100% (2/2)">
                  <conditions>
                    <condition number="15" type="jump" coverage="100%" />
                  </conditions>
                </line>
                <line number="71" hits="1" branch="False" />
                <line number="72" hits="1" branch="False" />
                <line number="76" hits="1" branch="False" />
                <line number="77" hits="1" branch="False" />
                <line number="78" hits="1" branch="False" />
                <line number="79" hits="1" branch="False" />
              </lines>
            </method>
            <method name=".ctor" signature="(System.String,System.Decimal)" line-rate="1" branch-rate="1" complexity="2">
              <lines>
                <line number="11" hits="10" branch="False" />
                <line number="12" hits="10" branch="False" />
                <line number="13" hits="10" branch="True" condition-coverage="100% (2/2)">
                  <conditions>
                    <condition number="21" type="jump" coverage="100%" />
                  </conditions>
                </line>
                <line number="14" hits="1" branch="False" />
                <line number="15" hits="1" branch="False" />
                <line number="19" hits="9" branch="False" />
                <line number="20" hits="9" branch="False" />
                <line number="22" hits="9" branch="False" />
              </lines>
            </method>
          </methods>
          <lines>
            <line number="8" hits="10" branch="False" />
            <line number="9" hits="28" branch="False" />
            <line number="24" hits="2" branch="False" />
            <line number="26" hits="2" branch="True" condition-coverage="100% (2/2)">
              <conditions>
                <condition number="14" type="jump" coverage="100%" />
              </conditions>
            </line>
            <line number="27" hits="1" branch="False" />
            <line number="28" hits="1" branch="False" />
            <line number="31" hits="1" branch="False" />
            <line number="32" hits="1" branch="False" />
            <line number="33" hits="1" branch="False" />
            <line number="36" hits="1" branch="False" />
            <line number="40" hits="2" branch="False" />
            <line number="42" hits="2" branch="True" condition-coverage="100% (2/2)">
              <conditions>
                <condition number="7" type="jump" coverage="100%" />
              </conditions>
            </line>
            <line number="43" hits="1" branch="False" />
            <line number="44" hits="1" branch="False" />
            <line number="47" hits="1" branch="False" />
            <line number="48" hits="1" branch="False" />
            <line number="49" hits="1" branch="False" />
            <line number="52" hits="1" branch="False" />
            <line number="55" hits="2" branch="False" />
            <line number="57" hits="2" branch="True" condition-coverage="100% (2/2)">
              <conditions>
                <condition number="15" type="jump" coverage="100%" />
              </conditions>
            </line>
            <line number="58" hits="1" branch="False" />
            <line number="59" hits="1" branch="False" />
            <line number="62" hits="1" branch="False" />
            <line number="63" hits="1" branch="False" />
            <line number="64" hits="1" branch="False" />
            <line number="67" hits="1" branch="False" />
            <line number="69" hits="2" branch="False" />
            <line number="70" hits="2" branch="True" condition-coverage="100% (2/2)">
              <conditions>
                <condition number="15" type="jump" coverage="100%" />
              </conditions>
            </line>
            <line number="71" hits="1" branch="False" />
            <line number="72" hits="1" branch="False" />
            <line number="76" hits="1" branch="False" />
            <line number="77" hits="1" branch="False" />
            <line number="78" hits="1" branch="False" />
            <line number="79" hits="1" branch="False" />
            <line number="11" hits="10" branch="False" />
            <line number="12" hits="10" branch="False" />
            <line number="13" hits="10" branch="True" condition-coverage="100% (2/2)">
              <conditions>
                <condition number="21" type="jump" coverage="100%" />
              </conditions>
            </line>
            <line number="14" hits="1" branch="False" />
            <line number="15" hits="1" branch="False" />
            <line number="19" hits="9" branch="False" />
            <line number="20" hits="9" branch="False" />
            <line number="22" hits="9" branch="False" />
          </lines>
        </class>
        <class name="Bank.Program" filename="Users/songci/Desktop/COMP2021/COMP2021-2026-2-profolio-a1952124/Week2/PracB/BankTask2/BankTask2.cs" line-rate="0" branch-rate="1" complexity="1">
          <methods>
            <method name="Main" signature="()" line-rate="0" branch-rate="1" complexity="1">
              <lines>
                <line number="89" hits="0" branch="False" />
                <line number="90" hits="0" branch="False" />
                <line number="91" hits="0" branch="False" />
                <line number="92" hits="0" branch="False" />
                <line number="93" hits="0" branch="False" />
                <line number="94" hits="0" branch="False" />
                <line number="96" hits="0" branch="False" />
                <line number="97" hits="0" branch="False" />
                <line number="98" hits="0" branch="False" />
                <line number="99" hits="0" branch="False" />
                <line number="100" hits="0" branch="False" />
                <line number="101" hits="0" branch="False" />
                <line number="104" hits="0" branch="False" />
              </lines>
            </method>
          </methods>
          <lines>
            <line number="89" hits="0" branch="False" />
            <line number="90" hits="0" branch="False" />
            <line number="91" hits="0" branch="False" />
            <line number="92" hits="0" branch="False" />
            <line number="93" hits="0" branch="False" />
            <line number="94" hits="0" branch="False" />
            <line number="96" hits="0" branch="False" />
            <line number="97" hits="0" branch="False" />
            <line number="98" hits="0" branch="False" />
            <line number="99" hits="0" branch="False" />
            <line number="100" hits="0" branch="False" />
            <line number="101" hits="0" branch="False" />
            <line number="104" hits="0" branch="False" />
          </lines>
        </class>
      </classes>
    </package>
  </packages>
</coverage>